# JRE version: OpenJDK Runtime Environment (8.0_152-b02) (build 1.8.0_152-release-1024-b02)
# Java VM: OpenJDK 64-Bit Server VM (25.152-b02 mixed mode windows-amd64 compressed oops)
Heap:
 PSYoungGen      total 482816K, used 380993K [0x00000000d5580000, 0x00000000f9480000, 0x0000000100000000)
  eden space 440832K, 86% used [0x00000000d5580000,0x00000000ec9906e8,0x00000000f0400000)
  from space 41984K, 0% used [0x00000000f4300000,0x00000000f4300000,0x00000000f6c00000)
  to   space 64512K, 0% used [0x00000000f0400000,0x00000000f0400000,0x00000000f4300000)
 ParOldGen       total 297472K, used 140135K [0x0000000080000000, 0x0000000092280000, 0x00000000d5580000)
  object space 297472K, 47% used [0x0000000080000000,0x00000000888d9dc8,0x0000000092280000)
 Metaspace       used 113017K, capacity 116564K, committed 116736K, reserved 1150976K
  class space    used 13779K, capacity 14509K, committed 14592K, reserved 1048576K
GC Heap History (10 events):
Event: 8903.032 GC heap before
{Heap before GC invocations=41 (full 4):
 PSYoungGen      total 384000K, used 343298K [0x00000000d5580000, 0x00000000f0680000, 0x0000000100000000)
  eden space 349696K, 88% used [0x00000000d5580000,0x00000000e83455c8,0x00000000eab00000)
  from space 34304K, 99% used [0x00000000ed600000,0x00000000ef77b5f0,0x00000000ef780000)
  to   space 44032K, 0% used [0x00000000eab00000,0x00000000eab00000,0x00000000ed600000)
 ParOldGen       total 165888K, used 59484K [0x0000000080000000, 0x000000008a200000, 0x00000000d5580000)
  object space 165888K, 35% used [0x0000000080000000,0x0000000083a17258,0x000000008a200000)
 Metaspace       used 96567K, capacity 99468K, committed 100480K, reserved 1136640K
  class space    used 12361K, capacity 12955K, committed 13184K, reserved 1048576K
Event: 8903.146 GC heap after
Heap after GC invocations=41 (full 4):
 PSYoungGen      total 393728K, used 16411K [0x00000000d5580000, 0x00000000f3900000, 0x0000000100000000)
  eden space 349696K, 0% used [0x00000000d5580000,0x00000000d5580000,0x00000000eab00000)
  from space 44032K, 37% used [0x00000000eab00000,0x00000000ebb06c78,0x00000000ed600000)
  to   space 43008K, 0% used [0x00000000f0f00000,0x00000000f0f00000,0x00000000f3900000)
 ParOldGen       total 165888K, used 77981K [0x0000000080000000, 0x000000008a200000, 0x00000000d5580000)
  object space 165888K, 47% used [0x0000000080000000,0x0000000084c27578,0x000000008a200000)
 Metaspace       used 96567K, capacity 99468K, committed 100480K, reserved 1136640K
  class space    used 12361K, capacity 12955K, committed 13184K, reserved 1048576K
}
Event: 8907.072 GC heap before
{Heap before GC invocations=42 (full 4):
 PSYoungGen      total 393728K, used 366107K [0x00000000d5580000, 0x00000000f3900000, 0x0000000100000000)
  eden space 349696K, 100% used [0x00000000d5580000,0x00000000eab00000,0x00000000eab00000)
  from space 44032K, 37% used [0x00000000eab00000,0x00000000ebb06c78,0x00000000ed600000)
  to   space 43008K, 0% used [0x00000000f0f00000,0x00000000f0f00000,0x00000000f3900000)
 ParOldGen       total 165888K, used 77981K [0x0000000080000000, 0x000000008a200000, 0x00000000d5580000)
  object space 165888K, 47% used [0x0000000080000000,0x0000000084c27578,0x000000008a200000)
 Metaspace       used 99983K, capacity 103044K, committed 103808K, reserved 1140736K
  class space    used 12746K, capacity 13347K, committed 13440K, reserved 1048576K
Event: 8907.110 GC heap after
Heap after GC invocations=42 (full 4):
 PSYoungGen      total 437760K, used 6801K [0x00000000d5580000, 0x00000000f2f80000, 0x0000000100000000)
  eden space 404480K, 0% used [0x00000000d5580000,0x00000000d5580000,0x00000000ee080000)
  from space 33280K, 20% used [0x00000000f0f00000,0x00000000f15a45f8,0x00000000f2f80000)
  to   space 40448K, 0% used [0x00000000ee080000,0x00000000ee080000,0x00000000f0800000)
 ParOldGen       total 165888K, used 83422K [0x0000000080000000, 0x000000008a200000, 0x00000000d5580000)
  object space 165888K, 50% used [0x0000000080000000,0x00000000851778b0,0x000000008a200000)
 Metaspace       used 99983K, capacity 103044K, committed 103808K, reserved 1140736K
  class space    used 12746K, capacity 13347K, committed 13440K, reserved 1048576K
}
Event: 8918.723 GC heap before
{Heap before GC invocations=43 (full 4):
 PSYoungGen      total 437760K, used 407577K [0x00000000d5580000, 0x00000000f2f80000, 0x0000000100000000)
  eden space 404480K, 99% used [0x00000000d5580000,0x00000000edce1e28,0x00000000ee080000)
  from space 33280K, 20% used [0x00000000f0f00000,0x00000000f15a45f8,0x00000000f2f80000)
  to   space 40448K, 0% used [0x00000000ee080000,0x00000000ee080000,0x00000000f0800000)
 ParOldGen       total 165888K, used 83422K [0x0000000080000000, 0x000000008a200000, 0x00000000d5580000)
  object space 165888K, 50% used [0x0000000080000000,0x00000000851778b0,0x000000008a200000)
 Metaspace       used 102678K, capacity 105856K, committed 106240K, reserved 1142784K
  class space    used 12899K, capacity 13511K, committed 13568K, reserved 1048576K
Event: 8918.853 GC heap after
Heap after GC invocations=43 (full 4):
 PSYoungGen      total 444928K, used 23595K [0x00000000d5580000, 0x00000000f6c00000, 0x0000000100000000)
  eden space 404480K, 0% used [0x00000000d5580000,0x00000000d5580000,0x00000000ee080000)
  from space 40448K, 58% used [0x00000000ee080000,0x00000000ef78ae88,0x00000000f0800000)
  to   space 41984K, 0% used [0x00000000f4300000,0x00000000f4300000,0x00000000f6c00000)
 ParOldGen       total 165888K, used 128369K [0x0000000080000000, 0x000000008a200000, 0x00000000d5580000)
  object space 165888K, 77% used [0x0000000080000000,0x0000000087d5c7f0,0x000000008a200000)
 Metaspace       used 102678K, capacity 105856K, committed 106240K, reserved 1142784K
  class space    used 12899K, capacity 13511K, committed 13568K, reserved 1048576K
}
Event: 8950.180 GC heap before
{Heap before GC invocations=44 (full 4):
 PSYoungGen      total 444928K, used 428075K [0x00000000d5580000, 0x00000000f6c00000, 0x0000000100000000)
  eden space 404480K, 100% used [0x00000000d5580000,0x00000000ee080000,0x00000000ee080000)
  from space 40448K, 58% used [0x00000000ee080000,0x00000000ef78ae88,0x00000000f0800000)
  to   space 41984K, 0% used [0x00000000f4300000,0x00000000f4300000,0x00000000f6c00000)
 ParOldGen       total 165888K, used 128369K [0x0000000080000000, 0x000000008a200000, 0x00000000d5580000)
  object space 165888K, 77% used [0x0000000080000000,0x0000000087d5c7f0,0x000000008a200000)
 Metaspace       used 111734K, capacity 114994K, committed 115328K, reserved 1150976K
  class space    used 13695K, capacity 14358K, committed 14464K, reserved 1048576K
Event: 8950.608 GC heap after
Heap after GC invocations=44 (full 4):
 PSYoungGen      total 482816K, used 41980K [0x00000000d5580000, 0x00000000f9480000, 0x0000000100000000)
  eden space 440832K, 0% used [0x00000000d5580000,0x00000000d5580000,0x00000000f0400000)
  from space 41984K, 99% used [0x00000000f4300000,0x00000000f6bff0e8,0x00000000f6c00000)
  to   space 64512K, 0% used [0x00000000f0400000,0x00000000f0400000,0x00000000f4300000)
 ParOldGen       total 167424K, used 167018K [0x0000000080000000, 0x000000008a380000, 0x00000000d5580000)
  object space 167424K, 99% used [0x0000000080000000,0x000000008a31ab10,0x000000008a380000)
 Metaspace       used 111734K, capacity 114994K, committed 115328K, reserved 1150976K
  class space    used 13695K, capacity 14358K, committed 14464K, reserved 1048576K
}
Event: 8950.608 GC heap before
{Heap before GC invocations=45 (full 5):
 PSYoungGen      total 482816K, used 41980K [0x00000000d5580000, 0x00000000f9480000, 0x0000000100000000)
  eden space 440832K, 0% used [0x00000000d5580000,0x00000000d5580000,0x00000000f0400000)
  from space 41984K, 99% used [0x00000000f4300000,0x00000000f6bff0e8,0x00000000f6c00000)
  to   space 64512K, 0% used [0x00000000f0400000,0x00000000f0400000,0x00000000f4300000)
 ParOldGen       total 167424K, used 167018K [0x0000000080000000, 0x000000008a380000, 0x00000000d5580000)
  object space 167424K, 99% used [0x0000000080000000,0x000000008a31ab10,0x000000008a380000)
 Metaspace       used 111734K, capacity 114994K, committed 115328K, reserved 1150976K
  class space    used 13695K, capacity 14358K, committed 14464K, reserved 1048576K
Event: 8953.094 GC heap after
Heap after GC invocations=45 (full 5):
 PSYoungGen      total 482816K, used 0K [0x00000000d5580000, 0x00000000f9480000, 0x0000000100000000)
  eden space 440832K, 0% used [0x00000000d5580000,0x00000000d5580000,0x00000000f0400000)
  from space 41984K, 0% used [0x00000000f4300000,0x00000000f4300000,0x00000000f6c00000)
  to   space 64512K, 0% used [0x00000000f0400000,0x00000000f0400000,0x00000000f4300000)
 ParOldGen       total 297472K, used 140135K [0x0000000080000000, 0x0000000092280000, 0x00000000d5580000)
  object space 297472K, 47% used [0x0000000080000000,0x00000000888d9dc8,0x0000000092280000)
 Metaspace       used 111734K, capacity 114994K, committed 115328K, reserved 1150976K
  class space    used 13695K, capacity 14358K, committed 14464K, reserved 1048576K
}

